e:\c++클라\assortrock_class\api\gameframework\gameframework\binobj\vc142.pdb
e:\c++클라\assortrock_class\api\gameframework\gameframework\binobj\vc142.idb
e:\c++클라\assortrock_class\api\gameframework\gameframework\binobj\main.obj
e:\c++클라\assortrock_class\api\gameframework\gameframework\binobj\timer.obj
e:\c++클라\assortrock_class\api\gameframework\gameframework\binobj\gamemanager.obj
e:\c++클라\assortrock_class\api\gameframework\gameframework\binobj\gameobject.obj
e:\c++클라\assortrock_class\api\gameframework\gameframework\binobj\ref.obj
e:\c++클라\assortrock_class\api\gameframework\gameframework\binobj\math.obj
e:\c++클라\assortrock_class\api\gameframework\gameframework\binobj\player.obj
e:\c++클라\assortrock_class\api\gameframework\gameframework\binobj\character.obj
e:\c++클라\assortrock_class\api\gameframework\gameframework\binobj\bullet.obj
e:\c++클라\assortrock_class\api\gameframework\gameframework\binobj\scenemanager.obj
e:\c++클라\assortrock_class\api\gameframework\gameframework\binobj\scene.obj
e:\c++클라\assortrock_class\api\gameframework\gameframework\binobj\mainscene.obj
e:\c++클라\assortrock_class\api\gameframework\gameframework\binobj\monster.obj
e:\c++클라\assortrock_class\api\gameframework\gameframework\bin\gameframework_debug.exe
e:\c++클라\assortrock_class\api\gameframework\gameframework\binobj\gameframework_debug.ilk
e:\c++클라\assortrock_class\api\gameframework\gameframework\bin\gameframework_debug.pdb
e:\c++클라\assortrock_class\api\gameframework\gameframework\binobj\gameframework.res
e:\c++클라\assortrock_class\api\gameframework\gameframework\binobj\../bin/gameframework_debug.pdb
e:\c++클라\assortrock_class\api\gameframework\gameframework\binobj\gameframework.tlog\cl.command.1.tlog
e:\c++클라\assortrock_class\api\gameframework\gameframework\binobj\gameframework.tlog\cl.read.1.tlog
e:\c++클라\assortrock_class\api\gameframework\gameframework\binobj\gameframework.tlog\cl.write.1.tlog
e:\c++클라\assortrock_class\api\gameframework\gameframework\binobj\gameframework.tlog\link.command.1.tlog
e:\c++클라\assortrock_class\api\gameframework\gameframework\binobj\gameframework.tlog\link.read.1.tlog
e:\c++클라\assortrock_class\api\gameframework\gameframework\binobj\gameframework.tlog\link.write.1.tlog
e:\c++클라\assortrock_class\api\gameframework\gameframework\binobj\gameframework.tlog\rc.command.1.tlog
e:\c++클라\assortrock_class\api\gameframework\gameframework\binobj\gameframework.tlog\rc.read.1.tlog
e:\c++클라\assortrock_class\api\gameframework\gameframework\binobj\gameframework.tlog\rc.write.1.tlog
